<?xml version="1.0" encoding="UTF-8"?>
<TestRun id="08a97eb0-bd46-4399-9142-955e2ef5c87f" name="AnthonyOToole@ANTHONYOTOOLEPC 2012-07-24 12:02:09" runUser="AnthonyOToolePC\AnthonyOToole" xmlns="http://microsoft.com/schemas/VisualStudio/TeamTest/2010">
  <TestSettings name="Default Test Settings" id="92f56d1e-517b-4176-9cfd-adb43ed684a9">
    <Deployment runDeploymentRoot="AnthonyOToole_ANTHONYOTOOLEPC 2012-07-24 12_02_09">
      <DeploymentItem filename="C:\Users\AnthonyOToole\Desktop\Semester 3\EntityFrameworkResearch\4.Project Versions\PenaltyPointsMon23julSOAUnitTests\PenaltyPoints\OoDbcPenaltyPoints\OOPenaltyPoints\bin\OOPenaltyPoints.dll" />
      <DeploymentItem filename="C:\Users\AnthonyOToole\Desktop\Semester 3\EntityFrameworkResearch\4.Project Versions\PenaltyPointsMon23julSOAUnitTests\PenaltyPoints\OoDbcPenaltyPoints\packages\EntityFramework.4.3.1\lib\net40\EntityFramework.dll" />
    </Deployment>
    <Execution>
      <TestTypeSpecific />
      <AgentRule name="Execution Agents">
      </AgentRule>
    </Execution>
  </TestSettings>
  <Times creation="2012-07-24T12:02:09.0394771+01:00" queuing="2012-07-24T12:02:09.5035036+01:00" start="2012-07-24T12:02:09.5445060+01:00" finish="2012-07-24T12:02:12.6706848+01:00" />
  <ResultSummary outcome="Completed">
    <Counters total="1" executed="1" passed="1" error="0" failed="0" timeout="0" aborted="0" inconclusive="0" passedButRunAborted="0" notRunnable="0" notExecuted="0" disconnected="0" warning="0" completed="0" inProgress="0" pending="0" />
  </ResultSummary>
  <TestDefinitions>
    <UnitTest name="CreateListedOffenceTest" storage="c:\users\anthonyotoole\desktop\semester 3\entityframeworkresearch\4.project versions\penaltypointsmon23julsoaunittests\penaltypoints\oodbcpenaltypoints\oopenaltypoints.tests\bin\debug\oopenaltypoints.tests.dll" id="b35ecf29-50b6-d4c7-687b-ac9c333f8adc">
      <Execution id="b373a630-17b0-4ebd-93c3-3580d6cdebd5" />
      <TestMethod codeBase="C:/Users/AnthonyOToole/Desktop/Semester 3/EntityFrameworkResearch/4.Project Versions/PenaltyPointsMon23julSOAUnitTests/PenaltyPoints/OoDbcPenaltyPoints/OOPenaltyPoints.Tests/bin/Debug/OOPenaltyPoints.Tests.DLL" adapterTypeName="Microsoft.VisualStudio.TestTools.TestTypes.Unit.UnitTestAdapter, Microsoft.VisualStudio.QualityTools.Tips.UnitTest.Adapter, Version=10.0.0.0, Culture=neutral, PublicKeyToken=b03f5f7f11d50a3a" className="OOPenaltyPoints.Tests.ListedOffenceDALTest, OOPenaltyPoints.Tests, Version=1.0.0.0, Culture=neutral, PublicKeyToken=null" name="CreateListedOffenceTest" />
    </UnitTest>
  </TestDefinitions>
  <TestLists>
    <TestList name="Results Not in a List" id="8c84fa94-04c1-424b-9868-57a2d4851a1d" />
    <TestList name="All Loaded Results" id="19431567-8539-422a-85d7-44ee4e166bda" />
  </TestLists>
  <TestEntries>
    <TestEntry testId="b35ecf29-50b6-d4c7-687b-ac9c333f8adc" executionId="b373a630-17b0-4ebd-93c3-3580d6cdebd5" testListId="8c84fa94-04c1-424b-9868-57a2d4851a1d" />
  </TestEntries>
  <Results>
    <UnitTestResult executionId="b373a630-17b0-4ebd-93c3-3580d6cdebd5" testId="b35ecf29-50b6-d4c7-687b-ac9c333f8adc" testName="CreateListedOffenceTest" computerName="ANTHONYOTOOLEPC" duration="00:00:01.3229423" startTime="2012-07-24T12:02:09.5585068+01:00" endTime="2012-07-24T12:02:11.1225962+01:00" testType="13cdc9d9-ddb5-4fa4-a97d-d965ccfc6d4b" outcome="Passed" testListId="8c84fa94-04c1-424b-9868-57a2d4851a1d" relativeResultsDirectory="b373a630-17b0-4ebd-93c3-3580d6cdebd5">
    </UnitTestResult>
  </Results>
</TestRun>