<?xml version="1.0" encoding="UTF-8"?>
<TestRun id="84da5472-88bc-4e5d-88f9-5097eb7e66f0" name="AnthonyOToole@ANTHONYOTOOLEPC 2012-07-24 12:02:15" runUser="AnthonyOToolePC\AnthonyOToole" xmlns="http://microsoft.com/schemas/VisualStudio/TeamTest/2010">
  <TestSettings name="Default Test Settings" id="92f56d1e-517b-4176-9cfd-adb43ed684a9">
    <Deployment userDeploymentRoot="C:\Users\AnthonyOToole\Desktop\Semester 3\EntityFrameworkResearch\4.Project Versions\PenaltyPointsMon23julSOAUnitTests\PenaltyPoints\OoDbcPenaltyPoints\TestResults" useDefaultDeploymentRoot="false" runDeploymentRoot="AnthonyOToole_ANTHONYOTOOLEPC 2012-07-24 12_02_15">
      <DeploymentItem filename="C:\Users\AnthonyOToole\Desktop\Semester 3\EntityFrameworkResearch\4.Project Versions\PenaltyPointsMon23julSOAUnitTests\PenaltyPoints\OoDbcPenaltyPoints\OOPenaltyPoints\bin\OOPenaltyPoints.dll" />
      <DeploymentItem filename="C:\Users\AnthonyOToole\Desktop\Semester 3\EntityFrameworkResearch\4.Project Versions\PenaltyPointsMon23julSOAUnitTests\PenaltyPoints\OoDbcPenaltyPoints\packages\EntityFramework.4.3.1\lib\net40\EntityFramework.dll" />
    </Deployment>
    <Execution>
      <TestTypeSpecific />
      <AgentRule name="Execution Agents">
      </AgentRule>
    </Execution>
  </TestSettings>
  <Times creation="2012-07-24T12:02:15.7148589+01:00" queuing="2012-07-24T12:02:17.0939378+01:00" start="2012-07-24T12:02:17.2259453+01:00" finish="2012-07-24T12:03:34.6923762+01:00" />
  <ResultSummary outcome="Completed">
    <Counters total="1" executed="1" passed="1" error="0" failed="0" timeout="0" aborted="0" inconclusive="0" passedButRunAborted="0" notRunnable="0" notExecuted="0" disconnected="0" warning="0" completed="0" inProgress="0" pending="0" />
  </ResultSummary>
  <TestDefinitions>
    <UnitTest name="CreateListedOffenceTest" storage="c:\users\anthonyotoole\desktop\semester 3\entityframeworkresearch\4.project versions\penaltypointsmon23julsoaunittests\penaltypoints\oodbcpenaltypoints\oopenaltypoints.tests\bin\debug\oopenaltypoints.tests.dll" id="b35ecf29-50b6-d4c7-687b-ac9c333f8adc">
      <Execution id="2284c7e6-1e2c-4bd9-bcb4-d5b904ba9912" />
      <TestMethod codeBase="C:/Users/AnthonyOToole/Desktop/Semester 3/EntityFrameworkResearch/4.Project Versions/PenaltyPointsMon23julSOAUnitTests/PenaltyPoints/OoDbcPenaltyPoints/OOPenaltyPoints.Tests/bin/Debug/OOPenaltyPoints.Tests.DLL" adapterTypeName="Microsoft.VisualStudio.TestTools.TestTypes.Unit.UnitTestAdapter, Microsoft.VisualStudio.QualityTools.Tips.UnitTest.Adapter, Version=10.0.0.0, Culture=neutral, PublicKeyToken=b03f5f7f11d50a3a" className="OOPenaltyPoints.Tests.ListedOffenceDALTest, OOPenaltyPoints.Tests, Version=1.0.0.0, Culture=neutral, PublicKeyToken=null" name="CreateListedOffenceTest" />
    </UnitTest>
  </TestDefinitions>
  <TestLists>
    <TestList name="Results Not in a List" id="8c84fa94-04c1-424b-9868-57a2d4851a1d" />
    <TestList name="All Loaded Results" id="19431567-8539-422a-85d7-44ee4e166bda" />
  </TestLists>
  <TestEntries>
    <TestEntry testId="b35ecf29-50b6-d4c7-687b-ac9c333f8adc" executionId="2284c7e6-1e2c-4bd9-bcb4-d5b904ba9912" testListId="8c84fa94-04c1-424b-9868-57a2d4851a1d" />
  </TestEntries>
  <Results>
    <UnitTestResult executionId="2284c7e6-1e2c-4bd9-bcb4-d5b904ba9912" testId="b35ecf29-50b6-d4c7-687b-ac9c333f8adc" testName="CreateListedOffenceTest" computerName="ANTHONYOTOOLEPC" duration="00:01:14.3126604" startTime="2012-07-24T12:02:17.3399519+01:00" endTime="2012-07-24T12:03:33.0672832+01:00" testType="13cdc9d9-ddb5-4fa4-a97d-d965ccfc6d4b" outcome="Passed" testListId="8c84fa94-04c1-424b-9868-57a2d4851a1d" relativeResultsDirectory="2284c7e6-1e2c-4bd9-bcb4-d5b904ba9912">
    </UnitTestResult>
  </Results>
</TestRun>